<?xml version="1.0" encoding="UTF-8"?>
<testsuite name="com.sparta.temueats.order.service.OrderCustomerServiceTest" tests="1" skipped="0" failures="1" errors="0" timestamp="2024-11-15T05:42:24" hostname="HJ" time="0.573">
  <properties/>
  <testcase name="Customer_주문_생성_실패1_진행중인_주문이_있으면_주문생성_불가" classname="com.sparta.temueats.order.service.OrderCustomerServiceTest" time="0.573">
    <failure message="java.lang.NullPointerException" type="java.lang.NullPointerException">java.lang.NullPointerException
	at java.base/java.util.Objects.requireNonNull(Objects.java:209)
	at java.base/java.util.ImmutableCollections$List12.&lt;init&gt;(ImmutableCollections.java:556)
	at java.base/java.util.List.of(List.java:812)
	at com.sparta.temueats.order.service.OrderCustomerServiceTest.createDeliveryOrdersFail1(OrderCustomerServiceTest.java:104)
	at java.base/java.lang.reflect.Method.invoke(Method.java:568)
	at java.base/java.util.ArrayList.forEach(ArrayList.java:1511)
	at java.base/java.util.ArrayList.forEach(ArrayList.java:1511)
</failure>
  </testcase>
  <system-out><![CDATA[14:41:50.616 [Test worker] INFO org.springframework.test.context.support.AnnotationConfigContextLoaderUtils -- Could not detect default configuration classes for test class [com.sparta.temueats.order.service.OrderCustomerServiceTest]: OrderCustomerServiceTest does not declare any static, non-private, non-final, nested classes annotated with @Configuration.
14:41:50.997 [Test worker] INFO org.springframework.boot.test.context.SpringBootTestContextBootstrapper -- Found @SpringBootConfiguration com.sparta.temueats.TemueatsApplication for test class com.sparta.temueats.order.service.OrderCustomerServiceTest

  .   ____          _            __ _ _
 /\\ / ___'_ __ _ _(_)_ __  __ _ \ \ \ \
( ( )\___ | '_ | '_| | '_ \/ _` | \ \ \ \
 \\/  ___)| |_)| | | | | || (_| |  ) ) ) )
  '  |____| .__|_| |_|_| |_\__, | / / / /
 =========|_|==============|___/=/_/_/_/

 :: Spring Boot ::                (v3.3.5)

2024-11-15T14:41:52.102+09:00  WARN 21392 --- [temueats] [    Test worker] ory$DuplicateJsonObjectContextCustomizer : 

Found multiple occurrences of org.json.JSONObject on the class path:

	jar:file:/C:/Users/p1226/.gradle/caches/modules-2/files-2.1/org.json/json/20231013/e22e0c040fe16f04ffdb85d851d77b07fc05ea52/json-20231013.jar!/org/json/JSONObject.class
	jar:file:/C:/Users/p1226/.gradle/caches/modules-2/files-2.1/com.vaadin.external.google/android-json/0.0.20131108.vaadin1/fa26d351fe62a6a17f5cda1287c1c6110dec413f/android-json-0.0.20131108.vaadin1.jar!/org/json/JSONObject.class

You may wish to exclude one of them to ensure predictable runtime behavior

2024-11-15T14:41:52.149+09:00  INFO 21392 --- [temueats] [    Test worker] c.s.t.o.s.OrderCustomerServiceTest       : Starting OrderCustomerServiceTest using Java 17.0.10 with PID 21392 (started by p1226 in C:\Users\p1226\Desktop\JavaDeepDive\project1\temueats)
2024-11-15T14:41:52.152+09:00  INFO 21392 --- [temueats] [    Test worker] c.s.t.o.s.OrderCustomerServiceTest       : No active profile set, falling back to 1 default profile: "default"
2024-11-15T14:41:55.797+09:00  INFO 21392 --- [temueats] [    Test worker] .s.d.r.c.RepositoryConfigurationDelegate : Bootstrapping Spring Data JPA repositories in DEFAULT mode.
2024-11-15T14:41:56.355+09:00  INFO 21392 --- [temueats] [    Test worker] .s.d.r.c.RepositoryConfigurationDelegate : Finished Spring Data repository scanning in 525 ms. Found 15 JPA repository interfaces.
2024-11-15T14:41:59.055+09:00  INFO 21392 --- [temueats] [    Test worker] o.hibernate.jpa.internal.util.LogHelper  : HHH000204: Processing PersistenceUnitInfo [name: default]
2024-11-15T14:41:59.286+09:00  INFO 21392 --- [temueats] [    Test worker] org.hibernate.Version                    : HHH000412: Hibernate ORM core version 6.5.3.Final
2024-11-15T14:41:59.335+09:00  INFO 21392 --- [temueats] [    Test worker] o.h.spatial.integration.SpatialService   : HHH80000001: hibernate-spatial integration enabled : true
2024-11-15T14:41:59.456+09:00  INFO 21392 --- [temueats] [    Test worker] o.h.c.internal.RegionFactoryInitiator    : HHH000026: Second-level cache disabled
2024-11-15T14:42:00.029+09:00  INFO 21392 --- [temueats] [    Test worker] com.zaxxer.hikari.HikariDataSource       : HikariPool-1 - Starting...
2024-11-15T14:42:01.233+09:00  INFO 21392 --- [temueats] [    Test worker] com.zaxxer.hikari.pool.HikariPool        : HikariPool-1 - Added connection org.postgresql.jdbc.PgConnection@69f3e556
2024-11-15T14:42:01.237+09:00  INFO 21392 --- [temueats] [    Test worker] com.zaxxer.hikari.HikariDataSource       : HikariPool-1 - Start completed.
2024-11-15T14:42:01.442+09:00  WARN 21392 --- [temueats] [    Test worker] org.hibernate.orm.deprecation            : HHH90000025: PostgreSQLDialect does not need to be specified explicitly using 'hibernate.dialect' (remove the property setting and it will be selected by default)
2024-11-15T14:42:01.622+09:00  INFO 21392 --- [temueats] [    Test worker] org.hibernate.spatial                    : HHH80000003: hibernate-spatial adding type contributions from : org.hibernate.spatial.dialect.postgis.PostgisDialectContributor
2024-11-15T14:42:02.467+09:00  INFO 21392 --- [temueats] [    Test worker] o.s.o.j.p.SpringPersistenceUnitInfo      : No LoadTimeWeaver setup: ignoring JPA class transformer
2024-11-15T14:42:02.536+09:00  INFO 21392 --- [temueats] [    Test worker] org.hibernate.spatial                    : HHH80000003: hibernate-spatial adding type contributions from : org.hibernate.spatial.dialect.postgis.PostgisDialectContributor
2024-11-15T14:42:04.473+09:00  INFO 21392 --- [temueats] [    Test worker] org.hibernate.spatial                    : HHH80000004: hibernate-spatial adding function contributions from : org.hibernate.spatial.dialect.postgis.PostgisDialectContributor
2024-11-15T14:42:07.357+09:00  INFO 21392 --- [temueats] [    Test worker] o.h.e.t.j.p.i.JtaPlatformInitiator       : HHH000489: No JTA platform available (set 'hibernate.transaction.jta.platform' to enable JTA platform integration)
2024-11-15T14:42:11.595+09:00  INFO 21392 --- [temueats] [    Test worker] j.LocalContainerEntityManagerFactoryBean : Initialized JPA EntityManagerFactory for persistence unit 'default'
2024-11-15T14:42:12.394+09:00  INFO 21392 --- [temueats] [    Test worker] o.s.d.j.r.query.QueryEnhancerFactory     : Hibernate is in classpath; If applicable, HQL parser will be used.
2024-11-15T14:42:18.771+09:00  WARN 21392 --- [temueats] [    Test worker] JpaBaseConfiguration$JpaWebConfiguration : spring.jpa.open-in-view is enabled by default. Therefore, database queries may be performed during view rendering. Explicitly configure spring.jpa.open-in-view to disable this warning
2024-11-15T14:42:18.860+09:00  INFO 21392 --- [temueats] [    Test worker] r$InitializeUserDetailsManagerConfigurer : Global AuthenticationManager configured with UserDetailsService bean with name userDetailsServiceImpl
2024-11-15T14:42:21.483+09:00  INFO 21392 --- [temueats] [    Test worker] c.s.t.o.s.OrderCustomerServiceTest       : Started OrderCustomerServiceTest in 30.138 seconds (process running for 33.667)
]]></system-out>
  <system-err><![CDATA[]]></system-err>
</testsuite>
